{"timestamp":"2025-07-04T13:25:30.693Z","type":"VALIDATION_FAILURE","message":"Validation failed","field":"description","value":"short","rule":"length (10-500)","username":"admin","ip":"::1"}
{"timestamp":"2025-07-04T13:25:31.588Z","type":"VALIDATION_FAILURE","message":"Validation failed","field":"title/description","value":{"title":"","post_description":"Valid post description here"},"rule":"required","username":"admin","ip":"::1"}
{"timestamp":"2025-07-04T13:25:32.067Z","type":"VALIDATION_FAILURE","message":"Validation failed","field":"name/description","value":{"name":"","description":"Valid description here"},"rule":"required","username":"admin","ip":"::1"}
{"timestamp":"2025-07-04T13:25:32.355Z","type":"VALIDATION_FAILURE","message":"Validation failed","field":"name","value":"ab","rule":"length (3-50)","username":"admin","ip":"::1"}
{"timestamp":"2025-07-04T13:25:32.623Z","type":"VALIDATION_FAILURE","message":"Validation failed","field":"name","value":"aaaaaaaaaaaaaaaaaaaaaaaaaaaaaaaaaaaaaaaaaaaaaaaaaaa","rule":"length (3-50)","username":"admin","ip":"::1"}
{"timestamp":"2025-07-04T13:25:32.993Z","type":"VALIDATION_FAILURE","message":"Validation failed","field":"name","value":"test@community!","rule":"no special characters","username":"admin","ip":"::1"}
{"timestamp":"2025-07-04T13:27:23.276Z","type":"ACCESS_DENIED","message":"Access denied","username":"testuser2","resource":"/post/6867d65d339384ae71c15521 (admin)","reason":"Not an administrator","ip":"::1"}
{"timestamp":"2025-07-04T13:27:25.655Z","type":"ACCESS_DENIED","message":"Access denied","username":"testuser2","resource":"/post/6867d65d339384ae71c15521 (admin)","reason":"Not an administrator","ip":"::1"}
{"timestamp":"2025-07-04T13:27:27.576Z","type":"ACCESS_DENIED","message":"Access denied","username":"testuser2","resource":"/logs (admin)","reason":"Not an administrator","ip":"::1"}
{"timestamp":"2025-07-04T13:27:35.811Z","type":"ACCESS_DENIED","message":"Access denied","username":"testuser2","resource":"/ban-user (admin)","reason":"Not an administrator","ip":"::1"}
{"timestamp":"2025-07-04T13:28:47.901Z","type":"ACCESS_DENIED","message":"Access denied","username":"admin","resource":"/new%20community%20test/moderator (creator)","reason":"Not the creator","ip":"::1"}
{"timestamp":"2025-07-04T13:28:52.176Z","type":"ACCESS_DENIED","message":"Access denied","username":"admin","resource":"/new%20community%20test/moderator/testuser123 (creator)","reason":"Not the creator","ip":"::1"}
{"timestamp":"2025-07-15T04:39:04.338Z","type":"AUTH_FAILURE","message":"Authentication failed","username":"DJ","ip":"::1","userAgent":"Mozilla/5.0 (Windows NT 10.0; Win64; x64) AppleWebKit/537.36 (KHTML, like Gecko) Chrome/138.0.0.0 Safari/537.36 Edg/138.0.0.0","reason":"Invalid password"}
{"timestamp":"2025-07-15T04:39:09.637Z","type":"AUTH_FAILURE","message":"Authentication failed","username":"DJ","ip":"::1","userAgent":"Mozilla/5.0 (Windows NT 10.0; Win64; x64) AppleWebKit/537.36 (KHTML, like Gecko) Chrome/138.0.0.0 Safari/537.36 Edg/138.0.0.0","reason":"Invalid password"}
{"timestamp":"2025-07-17T10:17:35.351Z","type":"AUTH_FAILURE","message":"Authentication failed","username":"gabebot","ip":"::1","userAgent":"Mozilla/5.0 (Macintosh; Intel Mac OS X 10_15_7) AppleWebKit/605.1.15 (KHTML, like Gecko) Version/16.6 Safari/605.1.15","reason":"User not found"}
{"timestamp":"2025-07-17T10:17:50.332Z","type":"AUTH_FAILURE","message":"Authentication failed","username":"gdltest","ip":"::1","userAgent":"Mozilla/5.0 (Macintosh; Intel Mac OS X 10_15_7) AppleWebKit/605.1.15 (KHTML, like Gecko) Version/16.6 Safari/605.1.15","reason":"User not found"}
{"timestamp":"2025-07-17T10:17:56.997Z","type":"AUTH_FAILURE","message":"Authentication failed","username":"GDLTest","ip":"::1","userAgent":"Mozilla/5.0 (Macintosh; Intel Mac OS X 10_15_7) AppleWebKit/605.1.15 (KHTML, like Gecko) Version/16.6 Safari/605.1.15","reason":"User not found"}
{"timestamp":"2025-07-17T12:55:04.543Z","type":"VALIDATION_FAILURE","message":"Validation failed","field":"name/description","value":{"name":"","description":"Valid description here"},"rule":"required","username":"GDLUSER","ip":"::1"}
{"timestamp":"2025-07-17T12:55:34.519Z","type":"ACCESS_DENIED","message":"Access denied","username":"GDL TEST","resource":"/logs (admin)","reason":"Not an administrator","ip":"::1"}
{"timestamp":"2025-07-17T12:55:43.837Z","type":"ACCESS_DENIED","message":"Access denied","username":"GDL TEST","resource":"/community (admin)","reason":"Not an administrator","ip":"::1"}
{"timestamp":"2025-07-17T12:55:44.910Z","type":"ACCESS_DENIED","message":"Access denied","username":"GDL TEST","resource":"/community (admin)","reason":"Not an administrator","ip":"::1"}
{"timestamp":"2025-07-17T12:55:48.258Z","type":"ACCESS_DENIED","message":"Access denied","username":"GDL TEST","resource":"/logs (admin)","reason":"Not an administrator","ip":"::1"}
{"timestamp":"2025-07-17T12:55:57.580Z","type":"ACCESS_DENIED","message":"Access denied","username":"GDL TEST","resource":"/post/687892a93c43e11af12737e9 (admin)","reason":"Not an administrator","ip":"::1"}
{"timestamp":"2025-07-17T12:56:15.841Z","type":"ACCESS_DENIED","message":"Access denied","username":"GDL TEST","resource":"/logs (admin)","reason":"Not an administrator","ip":"::1"}
{"timestamp":"2025-07-17T12:56:18.566Z","type":"ACCESS_DENIED","message":"Access denied","username":"GDL TEST","resource":"/community (admin)","reason":"Not an administrator","ip":"::1"}
{"timestamp":"2025-07-17T12:57:30.006Z","type":"VALIDATION_FAILURE","message":"Validation failed","field":"description","value":"short","rule":"length (10-500)","username":"GDLUSER","ip":"::1"}
{"timestamp":"2025-07-17T13:06:56.605Z","type":"VALIDATION_FAILURE","message":"Validation failed","field":"description","value":"short","rule":"length (10-500)","username":"GDLUSER","ip":"::1"}
{"timestamp":"2025-07-17T13:08:19.654Z","type":"ACCESS_DENIED","message":"Access denied","username":"GDL TEST","resource":"/community (admin)","reason":"Not an administrator","ip":"::1"}
{"timestamp":"2025-07-17T13:08:21.449Z","type":"ACCESS_DENIED","message":"Access denied","username":"GDL TEST","resource":"/logs (admin)","reason":"Not an administrator","ip":"::1"}
{"timestamp":"2025-07-17T13:08:41.629Z","type":"ACCESS_DENIED","message":"Access denied","username":"GDL TEST","resource":"/unban-user (admin)","reason":"Not an administrator","ip":"::1"}
{"timestamp":"2025-07-17T13:09:28.242Z","type":"ACCESS_DENIED","message":"Access denied","username":"GDL TEST","resource":"/community/new%20community%20test (admin)","reason":"Not an administrator","ip":"::1"}
{"timestamp":"2025-07-17T13:09:33.604Z","type":"ACCESS_DENIED","message":"Access denied","username":"GDL TEST","resource":"/post/686a813717943651b0cde40a (admin)","reason":"Not an administrator","ip":"::1"}
{"timestamp":"2025-07-17T13:13:29.292Z","type":"ACCESS_DENIED","message":"Access denied","username":"GDL TEST","resource":"/revoke-admin/admin (admin)","reason":"Not an administrator","ip":"::1"}
{"timestamp":"2025-07-17T13:17:13.592Z","type":"ACCESS_DENIED","message":"Access denied","username":"GDL TEST","resource":"/community (admin)","reason":"Not an administrator","ip":"::1"}
{"timestamp":"2025-07-17T13:17:18.903Z","type":"ACCESS_DENIED","message":"Access denied","username":"GDL TEST","resource":"/logs (admin)","reason":"Not an administrator","ip":"::1"}
{"timestamp":"2025-07-17T13:17:36.030Z","type":"ACCESS_DENIED","message":"Access denied","username":"GDL TEST","resource":"/grant-admin (admin)","reason":"Not an administrator","ip":"::1"}
{"timestamp":"2025-07-17T13:42:19.263Z","type":"VALIDATION_FAILURE","message":"Validation failed","field":"name/description","value":{"name":"","description":"Valid description here"},"rule":"required","username":"GDLUSER","ip":"::1"}
{"timestamp":"2025-07-17T13:42:36.019Z","type":"ACCESS_DENIED","message":"Access denied","username":"GDL TEST","resource":"/community (admin)","reason":"Not an administrator","ip":"::1"}
{"timestamp":"2025-07-17T13:42:36.950Z","type":"ACCESS_DENIED","message":"Access denied","username":"GDL TEST","resource":"/logs (admin)","reason":"Not an administrator","ip":"::1"}
{"timestamp":"2025-07-17T13:42:43.527Z","type":"ACCESS_DENIED","message":"Access denied","username":"GDL TEST","resource":"/community (admin)","reason":"Not an administrator","ip":"::1"}
{"timestamp":"2025-07-17T13:43:05.750Z","type":"ACCESS_DENIED","message":"Access denied","username":"GDL TEST","resource":"/community (admin)","reason":"Not an administrator","ip":"::1"}
{"timestamp":"2025-07-17T13:43:07.944Z","type":"ACCESS_DENIED","message":"Access denied","username":"GDL TEST","resource":"/post (admin)","reason":"Not an administrator","ip":"::1"}
{"timestamp":"2025-07-17T13:43:56.094Z","type":"VALIDATION_FAILURE","message":"Validation failed","field":"name","value":"test@community!","rule":"no special characters","username":"GDLUSER","ip":"::1"}
{"timestamp":"2025-07-17T13:43:58.461Z","type":"VALIDATION_FAILURE","message":"Validation failed","field":"name","value":"ab","rule":"length (3-50)","username":"GDLUSER","ip":"::1"}
{"timestamp":"2025-07-17T13:43:59.289Z","type":"VALIDATION_FAILURE","message":"Validation failed","field":"name/description","value":{"name":"","description":"Valid description here"},"rule":"required","username":"GDLUSER","ip":"::1"}
{"timestamp":"2025-07-17T13:44:07.594Z","type":"VALIDATION_FAILURE","message":"Validation failed","field":"title/description","value":{"title":"","post_description":"Valid post description here"},"rule":"required","username":"GDLUSER","ip":"::1"}
{"timestamp":"2025-07-17T13:45:01.828Z","type":"ACCESS_DENIED","message":"Access denied","username":"GDL TEST","resource":"/community (admin)","reason":"Not an administrator","ip":"::1"}
{"timestamp":"2025-07-17T13:45:06.051Z","type":"ACCESS_DENIED","message":"Access denied","username":"GDL TEST","resource":"/community (admin)","reason":"Not an administrator","ip":"::1"}
{"timestamp":"2025-07-17T14:07:30.392Z","type":"VALIDATION_FAILURE","message":"Validation failed","field":"name/description","value":{"name":"","description":"Valid description here"},"rule":"required","username":"GDLUSER","ip":"::1"}
{"timestamp":"2025-07-17T14:07:34.779Z","type":"VALIDATION_FAILURE","message":"Validation failed","field":"name","value":"ab","rule":"length (3-50)","username":"GDLUSER","ip":"::1"}
{"timestamp":"2025-07-17T14:07:39.286Z","type":"VALIDATION_FAILURE","message":"Validation failed","field":"title/description","value":{"title":"","post_description":"Valid post description here"},"rule":"required","username":"GDLUSER","ip":"::1"}
{"timestamp":"2025-07-17T14:07:50.709Z","type":"VALIDATION_FAILURE","message":"Validation failed","field":"name","value":"ab","rule":"length (3-50)","username":"GDLUSER","ip":"::1"}
{"timestamp":"2025-07-17T14:09:16.863Z","type":"VALIDATION_FAILURE","message":"Validation failed","field":"name","value":"test@community!","rule":"no special characters","username":"GDLUSER","ip":"::1"}
{"timestamp":"2025-07-17T14:10:30.416Z","type":"VALIDATION_FAILURE","message":"Validation failed","field":"title/description","value":{"title":"","post_description":"Valid post description here"},"rule":"required","username":"GDLUSER","ip":"::1"}
{"timestamp":"2025-07-17T14:10:44.834Z","type":"ACCESS_DENIED","message":"Access denied","username":"GDL TEST","resource":"/community (admin)","reason":"Not an administrator","ip":"::1"}
{"timestamp":"2025-07-17T14:10:52.027Z","type":"ACCESS_DENIED","message":"Access denied","username":"GDL TEST","resource":"/community (admin)","reason":"Not an administrator","ip":"::1"}
{"timestamp":"2025-07-17T14:12:30.313Z","type":"ACCESS_DENIED","message":"Access denied","username":"GDL TEST","resource":"/community (admin)","reason":"Not an administrator","ip":"::1"}
